2023-09-01 10:23:37.033 INFO  com.xiaou.MemberApplication                        :51   [32m                  [0;39m Starting TrainApplication using Java 17.0.5 with PID 32276 (E:\train\member\target\classes started by Lenovo in E:\train)
2023-09-01 10:23:37.034 INFO  com.xiaou.MemberApplication                        :632  [32m                  [0;39m No active profile set, falling back to 1 default profile: "default"
2023-09-01 10:23:37.131 ERROR org.springframework.boot.SpringApplication        :822  [32m                  [0;39m Application run failed
java.lang.NullPointerException: Cannot read field "generatedClass" because "data" is null
	at org.springframework.cglib.proxy.Enhancer.nextInstance(Enhancer.java:783)
	at org.springframework.cglib.core.AbstractClassGenerator.create(AbstractClassGenerator.java:321)
	at org.springframework.cglib.proxy.Enhancer.createHelper(Enhancer.java:562)
	at org.springframework.cglib.proxy.Enhancer.createClass(Enhancer.java:407)
	at org.springframework.context.annotation.ConfigurationClassEnhancer.createClass(ConfigurationClassEnhancer.java:138)
	at org.springframework.context.annotation.ConfigurationClassEnhancer.enhance(ConfigurationClassEnhancer.java:109)
	at org.springframework.context.annotation.ConfigurationClassPostProcessor.enhanceConfigurationClasses(ConfigurationClassPostProcessor.java:531)
	at org.springframework.context.annotation.ConfigurationClassPostProcessor.postProcessBeanFactory(ConfigurationClassPostProcessor.java:308)
	at org.springframework.context.support.PostProcessorRegistrationDelegate.invokeBeanFactoryPostProcessors(PostProcessorRegistrationDelegate.java:358)
	at org.springframework.context.support.PostProcessorRegistrationDelegate.invokeBeanFactoryPostProcessors(PostProcessorRegistrationDelegate.java:150)
	at org.springframework.context.support.AbstractApplicationContext.invokeBeanFactoryPostProcessors(AbstractApplicationContext.java:771)
	at org.springframework.context.support.AbstractApplicationContext.refresh(AbstractApplicationContext.java:589)
	at org.springframework.boot.web.servlet.context.ServletWebServerApplicationContext.refresh(ServletWebServerApplicationContext.java:146)
	at org.springframework.boot.SpringApplication.refresh(SpringApplication.java:732)
	at org.springframework.boot.SpringApplication.refreshContext(SpringApplication.java:434)
	at org.springframework.boot.SpringApplication.run(SpringApplication.java:310)
	at org.springframework.boot.SpringApplication.run(SpringApplication.java:1304)
	at org.springframework.boot.SpringApplication.run(SpringApplication.java:1293)
	at com.xiaou.MemberApplication.main(TrainApplication.java:10)
	at java.base/jdk.internal.reflect.NativeMethodAccessorImpl.invoke0(Native Method)
	at java.base/jdk.internal.reflect.NativeMethodAccessorImpl.invoke(NativeMethodAccessorImpl.java:77)
	at java.base/jdk.internal.reflect.DelegatingMethodAccessorImpl.invoke(DelegatingMethodAccessorImpl.java:43)
	at java.base/java.lang.reflect.Method.invoke(Method.java:568)
	at org.springframework.boot.devtools.restart.RestartLauncher.run(RestartLauncher.java:50)
2023-09-01 10:29:29.603 INFO  com.xiaou.MemberApplication                       :51   [32m                  [0;39m Starting MemberApplication using Java 17.0.5 with PID 41032 (E:\train\member\target\classes started by Lenovo in E:\train)
2023-09-01 10:29:29.606 INFO  com.xiaou.MemberApplication                       :632  [32m                  [0;39m No active profile set, falling back to 1 default profile: "default"
2023-09-01 10:29:29.649 INFO  o.s.b.d.env.DevToolsPropertyDefaultsPostProcessor :250  [32m                  [0;39m Devtools property defaults active! Set 'spring.devtools.add-properties' to 'false' to disable
2023-09-01 10:29:29.650 INFO  o.s.b.d.env.DevToolsPropertyDefaultsPostProcessor :250  [32m                  [0;39m For additional web related logging consider setting the 'logging.level.web' property to 'DEBUG'
2023-09-01 10:29:30.058 INFO  o.springframework.cloud.context.scope.GenericScope:282  [32m                  [0;39m BeanFactory id=5a9ca54a-0fce-3f2a-8e64-32310da72fb0
2023-09-01 10:29:30.354 INFO  o.s.boot.web.embedded.tomcat.TomcatWebServer      :108  [32m                  [0;39m Tomcat initialized with port(s): 8001 (http)
2023-09-01 10:29:30.359 INFO  org.apache.coyote.http11.Http11NioProtocol        :173  [32m                  [0;39m Initializing ProtocolHandler ["http-nio-8001"]
2023-09-01 10:29:30.360 INFO  org.apache.catalina.core.StandardService          :173  [32m                  [0;39m Starting service [Tomcat]
2023-09-01 10:29:30.360 INFO  org.apache.catalina.core.StandardEngine           :173  [32m                  [0;39m Starting Servlet engine: [Apache Tomcat/10.1.12]
2023-09-01 10:29:30.399 INFO  o.a.c.core.ContainerBase.[Tomcat].[localhost].[/] :173  [32m                  [0;39m Initializing Spring embedded WebApplicationContext
2023-09-01 10:29:30.399 INFO  o.s.b.w.s.c.ServletWebServerApplicationContext    :291  [32m                  [0;39m Root WebApplicationContext: initialization completed in 748 ms
2023-09-01 10:29:30.601 INFO  o.s.b.d.autoconfigure.OptionalLiveReloadServer    :59   [32m                  [0;39m LiveReload server is running on port 35729
2023-09-01 10:29:30.771 INFO  org.apache.coyote.http11.Http11NioProtocol        :173  [32m                  [0;39m Starting ProtocolHandler ["http-nio-8001"]
2023-09-01 10:29:30.783 INFO  o.s.boot.web.embedded.tomcat.TomcatWebServer      :220  [32m                  [0;39m Tomcat started on port(s): 8001 (http) with context path ''
2023-09-01 10:29:30.926 INFO  com.xiaou.MemberApplication                       :57   [32m                  [0;39m Started MemberApplication in 1.87 seconds (process running for 2.369)
2023-09-01 10:29:30.929 INFO  com.xiaou.MemberApplication                       :16   [32m                  [0;39m 启动成功！
2023-09-01 10:29:30.929 INFO  com.xiaou.MemberApplication                       :17   [32m                  [0;39m 地址:	 http://127.0.0.1:8001
2023-09-01 10:30:55.927 INFO  o.s.b.d.a.LocalDevToolsAutoConfiguration$RestartingClassPathChangeChangedEventListener:211  [32m                  [0;39m Restarting due to 1 class path change (0 additions, 0 deletions, 1 modification)
2023-09-01 10:30:55.939 INFO  org.apache.coyote.http11.Http11NioProtocol        :173  [32m                  [0;39m Pausing ProtocolHandler ["http-nio-8001"]
2023-09-01 10:30:55.940 INFO  org.apache.catalina.core.StandardService          :173  [32m                  [0;39m Stopping service [Tomcat]
2023-09-01 10:30:55.943 INFO  org.apache.coyote.http11.Http11NioProtocol        :173  [32m                  [0;39m Stopping ProtocolHandler ["http-nio-8001"]
2023-09-01 10:30:55.945 INFO  org.apache.coyote.http11.Http11NioProtocol        :173  [32m                  [0;39m Destroying ProtocolHandler ["http-nio-8001"]
2023-09-01 10:30:56.117 INFO  com.xiaou.MemberApplication                       :51   [32m                  [0;39m Starting MemberApplication using Java 17.0.5 with PID 41032 (E:\train\member\target\classes started by Lenovo in E:\train)
2023-09-01 10:30:56.117 INFO  com.xiaou.MemberApplication                       :632  [32m                  [0;39m No active profile set, falling back to 1 default profile: "default"
2023-09-01 10:30:56.192 INFO  o.springframework.cloud.context.scope.GenericScope:282  [32m                  [0;39m BeanFactory id=5a9ca54a-0fce-3f2a-8e64-32310da72fb0
2023-09-01 10:30:56.216 INFO  o.s.boot.web.embedded.tomcat.TomcatWebServer      :108  [32m                  [0;39m Tomcat initialized with port(s): 8001 (http)
2023-09-01 10:30:56.217 INFO  org.apache.coyote.http11.Http11NioProtocol        :173  [32m                  [0;39m Initializing ProtocolHandler ["http-nio-8001"]
2023-09-01 10:30:56.217 INFO  org.apache.catalina.core.StandardService          :173  [32m                  [0;39m Starting service [Tomcat]
2023-09-01 10:30:56.217 INFO  org.apache.catalina.core.StandardEngine           :173  [32m                  [0;39m Starting Servlet engine: [Apache Tomcat/10.1.12]
2023-09-01 10:30:56.234 INFO  o.a.c.c.C.[Tomcat].[localhost].[/member]          :173  [32m                  [0;39m Initializing Spring embedded WebApplicationContext
2023-09-01 10:30:56.235 INFO  o.s.b.w.s.c.ServletWebServerApplicationContext    :291  [32m                  [0;39m Root WebApplicationContext: initialization completed in 117 ms
2023-09-01 10:30:56.270 INFO  o.s.b.d.autoconfigure.OptionalLiveReloadServer    :59   [32m                  [0;39m LiveReload server is running on port 35729
2023-09-01 10:30:56.415 INFO  org.apache.coyote.http11.Http11NioProtocol        :173  [32m                  [0;39m Starting ProtocolHandler ["http-nio-8001"]
2023-09-01 10:30:56.418 INFO  o.s.boot.web.embedded.tomcat.TomcatWebServer      :220  [32m                  [0;39m Tomcat started on port(s): 8001 (http) with context path '/member'
2023-09-01 10:30:56.550 INFO  com.xiaou.MemberApplication                       :57   [32m                  [0;39m Started MemberApplication in 0.586 seconds (process running for 87.993)
2023-09-01 10:30:56.551 INFO  o.s.b.d.a.ConditionEvaluationDeltaLoggingListener :63   [32m                  [0;39m Condition evaluation unchanged
2023-09-01 10:30:56.552 INFO  com.xiaou.MemberApplication                       :16   [32m                  [0;39m 启动成功！
2023-09-01 10:30:56.552 INFO  com.xiaou.MemberApplication                       :17   [32m                  [0;39m 地址:	 http://127.0.0.1:8001
2023-09-01 10:31:04.902 INFO  com.xiaou.MemberApplication                       :51   [32m                  [0;39m Starting MemberApplication using Java 17.0.5 with PID 46708 (E:\train\member\target\classes started by Lenovo in E:\train)
2023-09-01 10:31:04.904 INFO  com.xiaou.MemberApplication                       :632  [32m                  [0;39m No active profile set, falling back to 1 default profile: "default"
2023-09-01 10:31:04.933 INFO  o.s.b.d.env.DevToolsPropertyDefaultsPostProcessor :250  [32m                  [0;39m Devtools property defaults active! Set 'spring.devtools.add-properties' to 'false' to disable
2023-09-01 10:31:04.933 INFO  o.s.b.d.env.DevToolsPropertyDefaultsPostProcessor :250  [32m                  [0;39m For additional web related logging consider setting the 'logging.level.web' property to 'DEBUG'
2023-09-01 10:31:05.312 INFO  o.springframework.cloud.context.scope.GenericScope:282  [32m                  [0;39m BeanFactory id=5a9ca54a-0fce-3f2a-8e64-32310da72fb0
2023-09-01 10:31:05.679 INFO  o.s.boot.web.embedded.tomcat.TomcatWebServer      :108  [32m                  [0;39m Tomcat initialized with port(s): 8001 (http)
2023-09-01 10:31:05.685 INFO  org.apache.coyote.http11.Http11NioProtocol        :173  [32m                  [0;39m Initializing ProtocolHandler ["http-nio-8001"]
2023-09-01 10:31:05.686 INFO  org.apache.catalina.core.StandardService          :173  [32m                  [0;39m Starting service [Tomcat]
2023-09-01 10:31:05.686 INFO  org.apache.catalina.core.StandardEngine           :173  [32m                  [0;39m Starting Servlet engine: [Apache Tomcat/10.1.12]
2023-09-01 10:31:05.737 INFO  o.a.c.c.C.[Tomcat].[localhost].[/member]          :173  [32m                  [0;39m Initializing Spring embedded WebApplicationContext
2023-09-01 10:31:05.737 INFO  o.s.b.w.s.c.ServletWebServerApplicationContext    :291  [32m                  [0;39m Root WebApplicationContext: initialization completed in 803 ms
2023-09-01 10:31:05.937 INFO  o.s.b.d.autoconfigure.OptionalLiveReloadServer    :59   [32m                  [0;39m LiveReload server is running on port 35729
2023-09-01 10:31:06.104 INFO  org.apache.coyote.http11.Http11NioProtocol        :173  [32m                  [0;39m Starting ProtocolHandler ["http-nio-8001"]
2023-09-01 10:31:06.116 INFO  o.s.boot.web.embedded.tomcat.TomcatWebServer      :220  [32m                  [0;39m Tomcat started on port(s): 8001 (http) with context path '/member'
2023-09-01 10:31:06.254 INFO  com.xiaou.MemberApplication                       :57   [32m                  [0;39m Started MemberApplication in 1.953 seconds (process running for 2.561)
2023-09-01 10:31:06.257 INFO  com.xiaou.MemberApplication                       :16   [32m                  [0;39m 启动成功！
2023-09-01 10:31:06.257 INFO  com.xiaou.MemberApplication                       :17   [32m                  [0;39m 地址:	 http://127.0.0.1:8001
2023-09-01 10:31:30.643 INFO  o.s.b.d.a.LocalDevToolsAutoConfiguration$RestartingClassPathChangeChangedEventListener:211  [32m                  [0;39m Restarting due to 5 class path changes (0 additions, 5 deletions, 0 modifications)
2023-09-01 10:31:30.660 INFO  org.apache.coyote.http11.Http11NioProtocol        :173  [32m                  [0;39m Pausing ProtocolHandler ["http-nio-8001"]
2023-09-01 10:31:30.660 INFO  org.apache.catalina.core.StandardService          :173  [32m                  [0;39m Stopping service [Tomcat]
2023-09-01 10:31:30.663 INFO  org.apache.coyote.http11.Http11NioProtocol        :173  [32m                  [0;39m Stopping ProtocolHandler ["http-nio-8001"]
2023-09-01 10:31:30.665 INFO  org.apache.coyote.http11.Http11NioProtocol        :173  [32m                  [0;39m Destroying ProtocolHandler ["http-nio-8001"]
2023-09-01 10:31:39.095 INFO  com.xiaou.MemberApplication                       :51   [32m                  [0;39m Starting MemberApplication using Java 17.0.5 with PID 46708 (E:\train\member\target\classes started by Lenovo in E:\train)
2023-09-01 10:31:39.096 INFO  com.xiaou.MemberApplication                       :632  [32m                  [0;39m No active profile set, falling back to 1 default profile: "default"
2023-09-01 10:31:39.160 INFO  o.springframework.cloud.context.scope.GenericScope:282  [32m                  [0;39m BeanFactory id=5a9ca54a-0fce-3f2a-8e64-32310da72fb0
2023-09-01 10:31:39.182 INFO  o.s.boot.web.embedded.tomcat.TomcatWebServer      :108  [32m                  [0;39m Tomcat initialized with port(s): 8001 (http)
2023-09-01 10:31:39.183 INFO  org.apache.catalina.core.StandardService          :173  [32m                  [0;39m Starting service [Tomcat]
2023-09-01 10:31:39.183 INFO  org.apache.catalina.core.StandardEngine           :173  [32m                  [0;39m Starting Servlet engine: [Apache Tomcat/10.1.12]
2023-09-01 10:31:39.206 INFO  o.a.c.c.C.[Tomcat].[localhost].[/member]          :173  [32m                  [0;39m Initializing Spring embedded WebApplicationContext
2023-09-01 10:31:39.206 INFO  o.s.b.w.s.c.ServletWebServerApplicationContext    :291  [32m                  [0;39m Root WebApplicationContext: initialization completed in 109 ms
2023-09-01 10:31:39.258 INFO  o.s.b.d.autoconfigure.OptionalLiveReloadServer    :59   [32m                  [0;39m LiveReload server is running on port 35729
2023-09-01 10:31:39.520 INFO  o.s.boot.web.embedded.tomcat.TomcatWebServer      :220  [32m                  [0;39m Tomcat started on port(s): 8001 (http) with context path '/member'
2023-09-01 10:31:39.682 INFO  com.xiaou.MemberApplication                       :57   [32m                  [0;39m Started MemberApplication in 0.772 seconds (process running for 35.989)
2023-09-01 10:31:39.683 INFO  o.s.b.d.a.ConditionEvaluationDeltaLoggingListener :63   [32m                  [0;39m Condition evaluation unchanged
2023-09-01 10:31:39.684 INFO  com.xiaou.MemberApplication                       :16   [32m                  [0;39m 启动成功！
2023-09-01 10:31:39.684 INFO  com.xiaou.MemberApplication                       :17   [32m                  [0;39m 地址:	 http://127.0.0.1:8001
2023-09-01 10:42:37.183 INFO  com.xiaou.MemberApplication                       :51   [32m                  [0;39m Starting MemberApplication using Java 17.0.5 with PID 23948 (E:\train\member\target\classes started by Lenovo in E:\train)
2023-09-01 10:42:37.185 INFO  com.xiaou.MemberApplication                       :632  [32m                  [0;39m No active profile set, falling back to 1 default profile: "default"
2023-09-01 10:42:37.227 INFO  o.s.b.d.env.DevToolsPropertyDefaultsPostProcessor :250  [32m                  [0;39m Devtools property defaults active! Set 'spring.devtools.add-properties' to 'false' to disable
2023-09-01 10:42:37.227 INFO  o.s.b.d.env.DevToolsPropertyDefaultsPostProcessor :250  [32m                  [0;39m For additional web related logging consider setting the 'logging.level.web' property to 'DEBUG'
2023-09-01 10:42:37.687 INFO  o.springframework.cloud.context.scope.GenericScope:282  [32m                  [0;39m BeanFactory id=5a9ca54a-0fce-3f2a-8e64-32310da72fb0
2023-09-01 10:42:38.010 INFO  o.s.boot.web.embedded.tomcat.TomcatWebServer      :108  [32m                  [0;39m Tomcat initialized with port(s): 8001 (http)
2023-09-01 10:42:38.014 INFO  org.apache.coyote.http11.Http11NioProtocol        :173  [32m                  [0;39m Initializing ProtocolHandler ["http-nio-8001"]
2023-09-01 10:42:38.015 INFO  org.apache.catalina.core.StandardService          :173  [32m                  [0;39m Starting service [Tomcat]
2023-09-01 10:42:38.015 INFO  org.apache.catalina.core.StandardEngine           :173  [32m                  [0;39m Starting Servlet engine: [Apache Tomcat/10.1.12]
2023-09-01 10:42:38.057 INFO  o.a.c.c.C.[Tomcat].[localhost].[/member]          :173  [32m                  [0;39m Initializing Spring embedded WebApplicationContext
2023-09-01 10:42:38.057 INFO  o.s.b.w.s.c.ServletWebServerApplicationContext    :291  [32m                  [0;39m Root WebApplicationContext: initialization completed in 830 ms
2023-09-01 10:42:38.280 INFO  o.s.b.d.autoconfigure.OptionalLiveReloadServer    :59   [32m                  [0;39m LiveReload server is running on port 35729
2023-09-01 10:42:38.478 INFO  org.apache.coyote.http11.Http11NioProtocol        :173  [32m                  [0;39m Starting ProtocolHandler ["http-nio-8001"]
2023-09-01 10:42:38.494 INFO  o.s.boot.web.embedded.tomcat.TomcatWebServer      :220  [32m                  [0;39m Tomcat started on port(s): 8001 (http) with context path '/member'
2023-09-01 10:42:38.677 INFO  com.xiaou.MemberApplication                       :57   [32m                  [0;39m Started MemberApplication in 1.977 seconds (process running for 2.441)
2023-09-01 10:42:38.679 INFO  com.xiaou.MemberApplication                       :16   [32m                  [0;39m 启动成功！
2023-09-01 10:42:38.681 INFO  com.xiaou.MemberApplication                       :17   [32m                  [0;39m 地址:	 http://127.0.0.1:8001/member/hello
2023-09-01 10:42:42.443 INFO  o.a.c.c.C.[Tomcat].[localhost].[/member]          :173  [32m                  [0;39m Initializing Spring DispatcherServlet 'dispatcherServlet'
2023-09-01 10:42:42.443 INFO  org.springframework.web.servlet.DispatcherServlet :532  [32m                  [0;39m Initializing Servlet 'dispatcherServlet'
2023-09-01 10:42:42.444 INFO  org.springframework.web.servlet.DispatcherServlet :554  [32m                  [0;39m Completed initialization in 0 ms
2023-09-01 10:48:21.994 INFO  o.s.b.d.a.LocalDevToolsAutoConfiguration$RestartingClassPathChangeChangedEventListener:211  [32m                  [0;39m Restarting due to 2 class path changes (0 additions, 0 deletions, 2 modifications)
2023-09-01 10:48:22.009 INFO  org.apache.coyote.http11.Http11NioProtocol        :173  [32m                  [0;39m Pausing ProtocolHandler ["http-nio-8001"]
2023-09-01 10:48:22.010 INFO  org.apache.catalina.core.StandardService          :173  [32m                  [0;39m Stopping service [Tomcat]
2023-09-01 10:48:22.011 INFO  o.a.c.c.C.[Tomcat].[localhost].[/member]          :173  [32m                  [0;39m Destroying Spring FrameworkServlet 'dispatcherServlet'
2023-09-01 10:48:22.017 INFO  org.apache.coyote.http11.Http11NioProtocol        :173  [32m                  [0;39m Stopping ProtocolHandler ["http-nio-8001"]
2023-09-01 10:48:22.018 INFO  org.apache.coyote.http11.Http11NioProtocol        :173  [32m                  [0;39m Destroying ProtocolHandler ["http-nio-8001"]
2023-09-01 10:48:22.293 INFO  com.xiaou.MemberApplication                       :51   [32m                  [0;39m Starting MemberApplication using Java 17.0.5 with PID 23948 (E:\train\member\target\classes started by Lenovo in E:\train)
2023-09-01 10:48:22.293 INFO  com.xiaou.MemberApplication                       :632  [32m                  [0;39m No active profile set, falling back to 1 default profile: "default"
2023-09-01 10:48:22.371 INFO  o.springframework.cloud.context.scope.GenericScope:282  [32m                  [0;39m BeanFactory id=5a9ca54a-0fce-3f2a-8e64-32310da72fb0
2023-09-01 10:48:22.397 INFO  o.s.boot.web.embedded.tomcat.TomcatWebServer      :108  [32m                  [0;39m Tomcat initialized with port(s): 8001 (http)
2023-09-01 10:48:22.397 INFO  org.apache.coyote.http11.Http11NioProtocol        :173  [32m                  [0;39m Initializing ProtocolHandler ["http-nio-8001"]
2023-09-01 10:48:22.398 INFO  org.apache.catalina.core.StandardService          :173  [32m                  [0;39m Starting service [Tomcat]
2023-09-01 10:48:22.398 INFO  org.apache.catalina.core.StandardEngine           :173  [32m                  [0;39m Starting Servlet engine: [Apache Tomcat/10.1.12]
2023-09-01 10:48:22.416 INFO  o.a.c.c.C.[Tomcat].[localhost].[/member]          :173  [32m                  [0;39m Initializing Spring embedded WebApplicationContext
2023-09-01 10:48:22.416 INFO  o.s.b.w.s.c.ServletWebServerApplicationContext    :291  [32m                  [0;39m Root WebApplicationContext: initialization completed in 122 ms
2023-09-01 10:48:22.454 INFO  o.s.b.d.autoconfigure.OptionalLiveReloadServer    :59   [32m                  [0;39m LiveReload server is running on port 35729
2023-09-01 10:48:22.629 INFO  org.apache.coyote.http11.Http11NioProtocol        :173  [32m                  [0;39m Starting ProtocolHandler ["http-nio-8001"]
2023-09-01 10:48:22.632 INFO  o.s.boot.web.embedded.tomcat.TomcatWebServer      :220  [32m                  [0;39m Tomcat started on port(s): 8001 (http) with context path '/member'
2023-09-01 10:48:22.770 INFO  com.xiaou.MemberApplication                       :57   [32m                  [0;39m Started MemberApplication in 0.722 seconds (process running for 346.534)
2023-09-01 10:48:22.770 INFO  o.s.b.d.a.ConditionEvaluationDeltaLoggingListener :63   [32m                  [0;39m Condition evaluation unchanged
2023-09-01 10:48:22.772 INFO  com.xiaou.MemberApplication                       :16   [32m                  [0;39m 启动成功！
2023-09-01 10:48:22.772 INFO  com.xiaou.MemberApplication                       :17   [32m                  [0;39m 地址:	 http://127.0.0.1:8001/member/hello
2023-09-01 10:50:21.581 INFO  o.s.b.d.a.LocalDevToolsAutoConfiguration$RestartingClassPathChangeChangedEventListener:211  [32m                  [0;39m Restarting due to 2 class path changes (0 additions, 0 deletions, 2 modifications)
2023-09-01 10:50:21.613 INFO  org.apache.coyote.http11.Http11NioProtocol        :173  [32m                  [0;39m Pausing ProtocolHandler ["http-nio-8001"]
2023-09-01 10:50:21.613 INFO  org.apache.catalina.core.StandardService          :173  [32m                  [0;39m Stopping service [Tomcat]
2023-09-01 10:50:21.616 INFO  org.apache.coyote.http11.Http11NioProtocol        :173  [32m                  [0;39m Stopping ProtocolHandler ["http-nio-8001"]
2023-09-01 10:50:21.619 INFO  org.apache.coyote.http11.Http11NioProtocol        :173  [32m                  [0;39m Destroying ProtocolHandler ["http-nio-8001"]
2023-09-01 10:50:22.023 INFO  com.xiaou.MemberApplication                       :51   [32m                  [0;39m Starting MemberApplication using Java 17.0.5 with PID 23948 (E:\train\member\target\classes started by Lenovo in E:\train)
2023-09-01 10:50:22.023 INFO  com.xiaou.MemberApplication                       :632  [32m                  [0;39m No active profile set, falling back to 1 default profile: "default"
2023-09-01 10:50:22.114 INFO  o.springframework.cloud.context.scope.GenericScope:282  [32m                  [0;39m BeanFactory id=5a9ca54a-0fce-3f2a-8e64-32310da72fb0
2023-09-01 10:50:22.139 INFO  o.s.boot.web.embedded.tomcat.TomcatWebServer      :108  [32m                  [0;39m Tomcat initialized with port(s): 8001 (http)
2023-09-01 10:50:22.139 INFO  org.apache.coyote.http11.Http11NioProtocol        :173  [32m                  [0;39m Initializing ProtocolHandler ["http-nio-8001"]
2023-09-01 10:50:22.140 INFO  org.apache.catalina.core.StandardService          :173  [32m                  [0;39m Starting service [Tomcat]
2023-09-01 10:50:22.140 INFO  org.apache.catalina.core.StandardEngine           :173  [32m                  [0;39m Starting Servlet engine: [Apache Tomcat/10.1.12]
2023-09-01 10:50:22.158 INFO  o.a.c.c.C.[Tomcat].[localhost].[/member]          :173  [32m                  [0;39m Initializing Spring embedded WebApplicationContext
2023-09-01 10:50:22.159 INFO  o.s.b.w.s.c.ServletWebServerApplicationContext    :291  [32m                  [0;39m Root WebApplicationContext: initialization completed in 135 ms
2023-09-01 10:50:22.204 INFO  o.s.b.d.autoconfigure.OptionalLiveReloadServer    :59   [32m                  [0;39m LiveReload server is running on port 35729
2023-09-01 10:50:22.401 INFO  org.apache.coyote.http11.Http11NioProtocol        :173  [32m                  [0;39m Starting ProtocolHandler ["http-nio-8001"]
2023-09-01 10:50:22.403 INFO  o.s.boot.web.embedded.tomcat.TomcatWebServer      :220  [32m                  [0;39m Tomcat started on port(s): 8001 (http) with context path '/member'
2023-09-01 10:50:22.569 INFO  com.xiaou.MemberApplication                       :57   [32m                  [0;39m Started MemberApplication in 0.895 seconds (process running for 466.332)
2023-09-01 10:50:22.570 INFO  o.s.b.d.a.ConditionEvaluationDeltaLoggingListener :63   [32m                  [0;39m Condition evaluation unchanged
2023-09-01 10:50:22.570 INFO  com.xiaou.MemberApplication                       :16   [32m                  [0;39m 启动成功！
2023-09-01 10:50:22.570 INFO  com.xiaou.MemberApplication                       :17   [32m                  [0;39m 地址:	 http://127.0.0.1:8001/member/hello
2023-09-01 10:51:13.182 INFO  o.s.b.d.a.LocalDevToolsAutoConfiguration$RestartingClassPathChangeChangedEventListener:211  [32m                  [0;39m Restarting due to 1 class path change (1 addition, 0 deletions, 0 modifications)
2023-09-01 10:51:13.197 INFO  org.apache.coyote.http11.Http11NioProtocol        :173  [32m                  [0;39m Pausing ProtocolHandler ["http-nio-8001"]
2023-09-01 10:51:13.197 INFO  org.apache.catalina.core.StandardService          :173  [32m                  [0;39m Stopping service [Tomcat]
2023-09-01 10:51:13.198 INFO  org.apache.coyote.http11.Http11NioProtocol        :173  [32m                  [0;39m Stopping ProtocolHandler ["http-nio-8001"]
2023-09-01 10:51:13.199 INFO  org.apache.coyote.http11.Http11NioProtocol        :173  [32m                  [0;39m Destroying ProtocolHandler ["http-nio-8001"]
2023-09-01 10:51:13.405 INFO  com.xiaou.MemberApplication                       :51   [32m                  [0;39m Starting MemberApplication using Java 17.0.5 with PID 23948 (E:\train\member\target\classes started by Lenovo in E:\train)
2023-09-01 10:51:13.405 INFO  com.xiaou.MemberApplication                       :632  [32m                  [0;39m No active profile set, falling back to 1 default profile: "default"
2023-09-01 10:51:13.475 INFO  o.springframework.cloud.context.scope.GenericScope:282  [32m                  [0;39m BeanFactory id=3f58b55b-e82c-33a8-9853-24eae115cdb6
2023-09-01 10:51:13.500 INFO  o.s.boot.web.embedded.tomcat.TomcatWebServer      :108  [32m                  [0;39m Tomcat initialized with port(s): 8001 (http)
2023-09-01 10:51:13.501 INFO  org.apache.coyote.http11.Http11NioProtocol        :173  [32m                  [0;39m Initializing ProtocolHandler ["http-nio-8001"]
2023-09-01 10:51:13.501 INFO  org.apache.catalina.core.StandardService          :173  [32m                  [0;39m Starting service [Tomcat]
2023-09-01 10:51:13.501 INFO  org.apache.catalina.core.StandardEngine           :173  [32m                  [0;39m Starting Servlet engine: [Apache Tomcat/10.1.12]
2023-09-01 10:51:13.527 INFO  o.a.c.c.C.[Tomcat].[localhost].[/member]          :173  [32m                  [0;39m Initializing Spring embedded WebApplicationContext
2023-09-01 10:51:13.527 INFO  o.s.b.w.s.c.ServletWebServerApplicationContext    :291  [32m                  [0;39m Root WebApplicationContext: initialization completed in 121 ms
2023-09-01 10:51:13.531 WARN  o.s.b.w.s.c.AnnotationConfigServletWebServerApplicationContext:616  [32m                  [0;39m Exception encountered during context initialization - cancelling refresh attempt: org.springframework.beans.factory.BeanCreationException: Error creating bean with name 'logAspect': Lookup method resolution failed
2023-09-01 10:51:13.532 INFO  org.apache.catalina.core.StandardService          :173  [32m                  [0;39m Stopping service [Tomcat]
2023-09-01 10:51:13.537 INFO  o.s.b.a.logging.ConditionEvaluationReportLogger   :82   [32m                  [0;39m 

Error starting ApplicationContext. To display the condition evaluation report re-run your application with 'debug' enabled.
2023-09-01 10:51:13.547 ERROR org.springframework.boot.SpringApplication        :822  [32m                  [0;39m Application run failed
org.springframework.beans.factory.BeanCreationException: Error creating bean with name 'logAspect': Lookup method resolution failed
	at org.springframework.beans.factory.annotation.AutowiredAnnotationBeanPostProcessor.checkLookupMethods(AutowiredAnnotationBeanPostProcessor.java:472)
	at org.springframework.beans.factory.annotation.AutowiredAnnotationBeanPostProcessor.determineCandidateConstructors(AutowiredAnnotationBeanPostProcessor.java:342)
	at org.springframework.beans.factory.support.AbstractAutowireCapableBeanFactory.determineConstructorsFromBeanPostProcessors(AbstractAutowireCapableBeanFactory.java:1291)
	at org.springframework.beans.factory.support.AbstractAutowireCapableBeanFactory.createBeanInstance(AbstractAutowireCapableBeanFactory.java:1186)
	at org.springframework.beans.factory.support.AbstractAutowireCapableBeanFactory.doCreateBean(AbstractAutowireCapableBeanFactory.java:560)
	at org.springframework.beans.factory.support.AbstractAutowireCapableBeanFactory.createBean(AbstractAutowireCapableBeanFactory.java:520)
	at org.springframework.beans.factory.support.AbstractBeanFactory.lambda$doGetBean$0(AbstractBeanFactory.java:326)
	at org.springframework.beans.factory.support.DefaultSingletonBeanRegistry.getSingleton(DefaultSingletonBeanRegistry.java:234)
	at org.springframework.beans.factory.support.AbstractBeanFactory.doGetBean(AbstractBeanFactory.java:324)
	at org.springframework.beans.factory.support.AbstractBeanFactory.getBean(AbstractBeanFactory.java:200)
	at org.springframework.beans.factory.support.DefaultListableBeanFactory.preInstantiateSingletons(DefaultListableBeanFactory.java:973)
	at org.springframework.context.support.AbstractApplicationContext.finishBeanFactoryInitialization(AbstractApplicationContext.java:942)
	at org.springframework.context.support.AbstractApplicationContext.refresh(AbstractApplicationContext.java:608)
	at org.springframework.boot.web.servlet.context.ServletWebServerApplicationContext.refresh(ServletWebServerApplicationContext.java:146)
	at org.springframework.boot.SpringApplication.refresh(SpringApplication.java:732)
	at org.springframework.boot.SpringApplication.refreshContext(SpringApplication.java:434)
	at org.springframework.boot.SpringApplication.run(SpringApplication.java:310)
	at com.xiaou.MemberApplication.main(MemberApplication.java:15)
	at java.base/jdk.internal.reflect.NativeMethodAccessorImpl.invoke0(Native Method)
	at java.base/jdk.internal.reflect.NativeMethodAccessorImpl.invoke(NativeMethodAccessorImpl.java:77)
	at java.base/jdk.internal.reflect.DelegatingMethodAccessorImpl.invoke(DelegatingMethodAccessorImpl.java:43)
	at java.base/java.lang.reflect.Method.invoke(Method.java:568)
	at org.springframework.boot.devtools.restart.RestartLauncher.run(RestartLauncher.java:50)
Caused by: java.lang.IllegalStateException: Failed to introspect Class [com.xiaou.aspect.LogAspect] from ClassLoader [org.springframework.boot.devtools.restart.classloader.RestartClassLoader@314381d6]
	at org.springframework.util.ReflectionUtils.getDeclaredMethods(ReflectionUtils.java:483)
	at org.springframework.util.ReflectionUtils.doWithLocalMethods(ReflectionUtils.java:320)
	at org.springframework.beans.factory.annotation.AutowiredAnnotationBeanPostProcessor.checkLookupMethods(AutowiredAnnotationBeanPostProcessor.java:450)
	... 22 common frames omitted
Caused by: java.lang.NoClassDefFoundError: com/alibaba/fastjson/serializer/SerializeFilter
	at java.base/java.lang.Class.getDeclaredMethods0(Native Method)
	at java.base/java.lang.Class.privateGetDeclaredMethods(Class.java:3402)
	at java.base/java.lang.Class.getDeclaredMethods(Class.java:2504)
	at org.springframework.util.ReflectionUtils.getDeclaredMethods(ReflectionUtils.java:465)
	... 24 common frames omitted
Caused by: java.lang.ClassNotFoundException: com.alibaba.fastjson.serializer.SerializeFilter
	at java.base/jdk.internal.loader.BuiltinClassLoader.loadClass(BuiltinClassLoader.java:641)
	at java.base/jdk.internal.loader.ClassLoaders$AppClassLoader.loadClass(ClassLoaders.java:188)
	at java.base/java.lang.ClassLoader.loadClass(ClassLoader.java:520)
	at java.base/java.lang.Class.forName0(Native Method)
	at java.base/java.lang.Class.forName(Class.java:467)
	at org.springframework.boot.devtools.restart.classloader.RestartClassLoader.loadClass(RestartClassLoader.java:121)
	at java.base/java.lang.ClassLoader.loadClass(ClassLoader.java:520)
	... 28 common frames omitted
