2023-09-05 07:54:10.051 INFO  org.hibernate.validator.internal.util.Version     :21   [32m                  [0;39m HV000001: Hibernate Validator 8.0.1.Final
2023-09-05 07:54:10.096 INFO  com.xiaou.GatewayApplication                      :51   [32m                  [0;39m Starting GatewayApplication using Java 17.0.5 with PID 26456 (E:\train\gateway\target\classes started by Lenovo in E:\train)
2023-09-05 07:54:10.098 INFO  com.xiaou.GatewayApplication                      :632  [32m                  [0;39m No active profile set, falling back to 1 default profile: "default"
2023-09-05 07:54:10.133 INFO  o.s.b.d.env.DevToolsPropertyDefaultsPostProcessor :250  [32m                  [0;39m Devtools property defaults active! Set 'spring.devtools.add-properties' to 'false' to disable
2023-09-05 07:54:10.134 INFO  o.s.b.d.env.DevToolsPropertyDefaultsPostProcessor :250  [32m                  [0;39m For additional web related logging consider setting the 'logging.level.web' property to 'DEBUG'
2023-09-05 07:54:10.635 INFO  o.springframework.cloud.context.scope.GenericScope:282  [32m                  [0;39m BeanFactory id=2d63daf2-242e-3dcb-882c-1d29eb009621
2023-09-05 07:54:11.168 INFO  o.s.c.gateway.route.RouteDefinitionRouteLocator   :88   [32m                  [0;39m Loaded RoutePredicateFactory [After]
2023-09-05 07:54:11.169 INFO  o.s.c.gateway.route.RouteDefinitionRouteLocator   :88   [32m                  [0;39m Loaded RoutePredicateFactory [Before]
2023-09-05 07:54:11.169 INFO  o.s.c.gateway.route.RouteDefinitionRouteLocator   :88   [32m                  [0;39m Loaded RoutePredicateFactory [Between]
2023-09-05 07:54:11.169 INFO  o.s.c.gateway.route.RouteDefinitionRouteLocator   :88   [32m                  [0;39m Loaded RoutePredicateFactory [Cookie]
2023-09-05 07:54:11.169 INFO  o.s.c.gateway.route.RouteDefinitionRouteLocator   :88   [32m                  [0;39m Loaded RoutePredicateFactory [Header]
2023-09-05 07:54:11.169 INFO  o.s.c.gateway.route.RouteDefinitionRouteLocator   :88   [32m                  [0;39m Loaded RoutePredicateFactory [Host]
2023-09-05 07:54:11.169 INFO  o.s.c.gateway.route.RouteDefinitionRouteLocator   :88   [32m                  [0;39m Loaded RoutePredicateFactory [Method]
2023-09-05 07:54:11.169 INFO  o.s.c.gateway.route.RouteDefinitionRouteLocator   :88   [32m                  [0;39m Loaded RoutePredicateFactory [Path]
2023-09-05 07:54:11.170 INFO  o.s.c.gateway.route.RouteDefinitionRouteLocator   :88   [32m                  [0;39m Loaded RoutePredicateFactory [Query]
2023-09-05 07:54:11.170 INFO  o.s.c.gateway.route.RouteDefinitionRouteLocator   :88   [32m                  [0;39m Loaded RoutePredicateFactory [ReadBody]
2023-09-05 07:54:11.170 INFO  o.s.c.gateway.route.RouteDefinitionRouteLocator   :88   [32m                  [0;39m Loaded RoutePredicateFactory [RemoteAddr]
2023-09-05 07:54:11.170 INFO  o.s.c.gateway.route.RouteDefinitionRouteLocator   :88   [32m                  [0;39m Loaded RoutePredicateFactory [XForwardedRemoteAddr]
2023-09-05 07:54:11.170 INFO  o.s.c.gateway.route.RouteDefinitionRouteLocator   :88   [32m                  [0;39m Loaded RoutePredicateFactory [Weight]
2023-09-05 07:54:11.170 INFO  o.s.c.gateway.route.RouteDefinitionRouteLocator   :88   [32m                  [0;39m Loaded RoutePredicateFactory [CloudFoundryRouteService]
2023-09-05 07:54:11.287 INFO  o.s.b.d.autoconfigure.OptionalLiveReloadServer    :59   [32m                  [0;39m LiveReload server is running on port 35729
2023-09-05 07:54:11.563 INFO  o.s.boot.web.embedded.netty.NettyWebServer        :111  [32m                  [0;39m Netty started on port 8000
2023-09-05 07:54:11.765 INFO  com.xiaou.GatewayApplication                      :57   [32m                  [0;39m Started GatewayApplication in 2.241 seconds (process running for 2.763)
2023-09-05 07:54:11.767 INFO  com.xiaou.GatewayApplication                      :16   [32m                  [0;39m ÕÉ»ÕŖ©µłÉÕŖ¤’╝ü
2023-09-05 07:54:11.768 INFO  com.xiaou.GatewayApplication                      :17   [32m                  [0;39m ńĮæÕģ│Õ£░ÕØĆ:	 http://127.0.0.1:8000
